PRT1
15
19
4 2 6 (160 672 128 ) (192 672 128 ) (192 608 128 ) (160 608 128 ) 
4 2 3 (160 672 192 ) (160 672 128 ) (160 608 128 ) (160 608 192 ) 
4 3 7 (32 672 128 ) (160 672 128 ) (160 608 128 ) (32 608 128 ) 
4 3 4 (32 672 192 ) (32 672 128 ) (32 608 128 ) (32 608 192 ) 
4 4 8 (0 608 128 ) (0 672 128 ) (32 672 128 ) (32 608 128 ) 
4 5 13 (0 416 128 ) (0 0 128 ) (0 0 768 ) (0 416 768 ) 
4 5 12 (0 0 768 ) (0 0 128 ) (352 0 128 ) (352 0 768 ) 
4 5 10 (352 0 128 ) (0 0 128 ) (0 416 128 ) (352 416 128 ) 
4 6 7 (160 672 0 ) (160 608 0 ) (160 608 128 ) (160 672 128 ) 
4 7 9 (160 608 128 ) (32 608 128 ) (32 608 0 ) (160 608 0 ) 
4 7 8 (32 672 0 ) (32 608 0 ) (32 608 128 ) (32 672 128 ) 
4 9 10 (32 416 -128 ) (160 416 -128 ) (160 416 128 ) (32 416 128 ) 
4 10 13 (0 0 -128 ) (0 0 128 ) (0 416 128 ) (0 416 -128 ) 
4 10 12 (352 0 128 ) (0 0 128 ) (0 0 -128 ) (352 0 -128 ) 
4 10 11 (352 0 -128 ) (0 0 -128 ) (0 416 -128 ) (352 416 -128 ) 
4 11 13 (0 0 -896 ) (0 0 -128 ) (0 416 -128 ) (0 416 -896 ) 
4 11 12 (352 0 -896 ) (352 0 -128 ) (0 0 -128 ) (0 0 -896 ) 
4 12 14 (0 -160 -896 ) (0 -160 768 ) (0 0 768 ) (0 0 -896 ) 
4 13 14 (0 0 -896 ) (0 0 768 ) (-160 0 768 ) (-160 0 -896 ) 
